<?xml version="1.0" encoding="UTF-8"?>
<!-- Generated by org.testng.reporters.JUnitReportReporter -->
<testsuite hostname="DESKTOP-N41EE4A" failures="0" tests="1" name="TestOne" time="0.007" errors="0" timestamp="2022-06-06T13:10:28 EEST" skipped="0">
  <testcase classname="TestOne" name="test1" time="0.007"/>
  <system-out/>
</testsuite> <!-- TestOne -->
